# JRE version: Java(TM) SE Runtime Environment (15.0.2+7) (build 15.0.2+7-27)
# Java VM: Java HotSpot(TM) 64-Bit Server VM (15.0.2+7-27, mixed mode, sharing, tiered, compressed oops, g1 gc, windows-amd64)
GC Precious Log:
 CPUs: 4 total, 4 available
 Memory: 8073M
 Large Page Support: Disabled
 NUMA Support: Disabled
 Compressed Oops: Enabled (32-bit)
 Heap Region Size: 1M
 Heap Min Capacity: 8M
 Heap Initial Capacity: 128M
 Heap Max Capacity: 2020M
 Pre-touch: Disabled
 Parallel Workers: 4
 Concurrent Workers: 1
 Concurrent Refinement Workers: 4
 Periodic GC: Disabled
Heap:
 garbage-first heap   total 70656K, used 35342K [0x0000000081c00000, 0x0000000100000000)
  region size 1024K, 9 young (9216K), 2 survivors (2048K)
 Metaspace       used 63590K, capacity 64221K, committed 64432K, reserved 1105920K
  class space    used 8116K, capacity 8363K, committed 8448K, reserved 1048576K
GC Heap History (20 events):
Event: 8383.144 GC heap before
{Heap before GC invocations=23 (full 0):
 garbage-first heap   total 70656K, used 59405K [0x0000000081c00000, 0x0000000100000000)
  region size 1024K, 31 young (31744K), 1 survivors (1024K)
 Metaspace       used 62499K, capacity 63213K, committed 63280K, reserved 1103872K
  class space    used 8014K, capacity 8264K, committed 8320K, reserved 1048576K
}
Event: 8383.147 GC heap after
{Heap after GC invocations=24 (full 0):
 garbage-first heap   total 70656K, used 28950K [0x0000000081c00000, 0x0000000100000000)
  region size 1024K, 1 young (1024K), 1 survivors (1024K)
 Metaspace       used 62499K, capacity 63213K, committed 63280K, reserved 1103872K
  class space    used 8014K, capacity 8264K, committed 8320K, reserved 1048576K
}
Event: 8414.817 GC heap before
{Heap before GC invocations=24 (full 0):
 garbage-first heap   total 70656K, used 59670K [0x0000000081c00000, 0x0000000100000000)
  region size 1024K, 31 young (31744K), 1 survivors (1024K)
 Metaspace       used 63380K, capacity 64080K, committed 64176K, reserved 1105920K
  class space    used 8115K, capacity 8361K, committed 8448K, reserved 1048576K
}
Event: 8414.820 GC heap after
{Heap after GC invocations=25 (full 0):
 garbage-first heap   total 70656K, used 29198K [0x0000000081c00000, 0x0000000100000000)
  region size 1024K, 2 young (2048K), 2 survivors (2048K)
 Metaspace       used 63380K, capacity 64080K, committed 64176K, reserved 1105920K
  class space    used 8115K, capacity 8361K, committed 8448K, reserved 1048576K
}
Event: 8512.415 GC heap before
{Heap before GC invocations=25 (full 0):
 garbage-first heap   total 70656K, used 58894K [0x0000000081c00000, 0x0000000100000000)
  region size 1024K, 31 young (31744K), 2 survivors (2048K)
 Metaspace       used 63423K, capacity 64086K, committed 64176K, reserved 1105920K
  class space    used 8116K, capacity 8362K, committed 8448K, reserved 1048576K
}
Event: 8512.418 GC heap after
{Heap after GC invocations=26 (full 0):
 garbage-first heap   total 70656K, used 29109K [0x0000000081c00000, 0x0000000100000000)
  region size 1024K, 2 young (2048K), 2 survivors (2048K)
 Metaspace       used 63423K, capacity 64086K, committed 64176K, reserved 1105920K
  class space    used 8116K, capacity 8362K, committed 8448K, reserved 1048576K
}
Event: 8671.914 GC heap before
{Heap before GC invocations=26 (full 0):
 garbage-first heap   total 70656K, used 58805K [0x0000000081c00000, 0x0000000100000000)
  region size 1024K, 31 young (31744K), 2 survivors (2048K)
 Metaspace       used 63471K, capacity 64156K, committed 64432K, reserved 1105920K
  class space    used 8116K, capacity 8363K, committed 8448K, reserved 1048576K
}
Event: 8671.917 GC heap after
{Heap after GC invocations=27 (full 0):
 garbage-first heap   total 70656K, used 29106K [0x0000000081c00000, 0x0000000100000000)
  region size 1024K, 2 young (2048K), 2 survivors (2048K)
 Metaspace       used 63471K, capacity 64156K, committed 64432K, reserved 1105920K
  class space    used 8116K, capacity 8363K, committed 8448K, reserved 1048576K
}
Event: 9023.882 GC heap before
{Heap before GC invocations=27 (full 0):
 garbage-first heap   total 70656K, used 58802K [0x0000000081c00000, 0x0000000100000000)
  region size 1024K, 31 young (31744K), 2 survivors (2048K)
 Metaspace       used 63540K, capacity 64221K, committed 64432K, reserved 1105920K
  class space    used 8116K, capacity 8363K, committed 8448K, reserved 1048576K
}
Event: 9023.887 GC heap after
{Heap after GC invocations=28 (full 0):
 garbage-first heap   total 70656K, used 29201K [0x0000000081c00000, 0x0000000100000000)
  region size 1024K, 2 young (2048K), 2 survivors (2048K)
 Metaspace       used 63540K, capacity 64221K, committed 64432K, reserved 1105920K
  class space    used 8116K, capacity 8363K, committed 8448K, reserved 1048576K
}
Event: 9823.843 GC heap before
{Heap before GC invocations=28 (full 0):
 garbage-first heap   total 70656K, used 58897K [0x0000000081c00000, 0x0000000100000000)
  region size 1024K, 31 young (31744K), 2 survivors (2048K)
 Metaspace       used 63541K, capacity 64221K, committed 64432K, reserved 1105920K
  class space    used 8116K, capacity 8363K, committed 8448K, reserved 1048576K
}
Event: 9823.965 GC heap after
{Heap after GC invocations=29 (full 0):
 garbage-first heap   total 70656K, used 29210K [0x0000000081c00000, 0x0000000100000000)
  region size 1024K, 2 young (2048K), 2 survivors (2048K)
 Metaspace       used 63541K, capacity 64221K, committed 64432K, reserved 1105920K
  class space    used 8116K, capacity 8363K, committed 8448K, reserved 1048576K
}
Event: 10202.779 GC heap before
{Heap before GC invocations=29 (full 0):
 garbage-first heap   total 70656K, used 58906K [0x0000000081c00000, 0x0000000100000000)
  region size 1024K, 31 young (31744K), 2 survivors (2048K)
 Metaspace       used 63553K, capacity 64221K, committed 64432K, reserved 1105920K
  class space    used 8116K, capacity 8363K, committed 8448K, reserved 1048576K
}
Event: 10202.800 GC heap after
{Heap after GC invocations=30 (full 0):
 garbage-first heap   total 70656K, used 29326K [0x0000000081c00000, 0x0000000100000000)
  region size 1024K, 2 young (2048K), 2 survivors (2048K)
 Metaspace       used 63553K, capacity 64221K, committed 64432K, reserved 1105920K
  class space    used 8116K, capacity 8363K, committed 8448K, reserved 1048576K
}
Event: 10489.187 GC heap before
{Heap before GC invocations=30 (full 0):
 garbage-first heap   total 70656K, used 59022K [0x0000000081c00000, 0x0000000100000000)
  region size 1024K, 31 young (31744K), 2 survivors (2048K)
 Metaspace       used 63582K, capacity 64221K, committed 64432K, reserved 1105920K
  class space    used 8116K, capacity 8363K, committed 8448K, reserved 1048576K
}
Event: 10489.204 GC heap after
{Heap after GC invocations=31 (full 0):
 garbage-first heap   total 70656K, used 29528K [0x0000000081c00000, 0x0000000100000000)
  region size 1024K, 2 young (2048K), 2 survivors (2048K)
 Metaspace       used 63582K, capacity 64221K, committed 64432K, reserved 1105920K
  class space    used 8116K, capacity 8363K, committed 8448K, reserved 1048576K
}
Event: 10931.189 GC heap before
{Heap before GC invocations=31 (full 0):
 garbage-first heap   total 70656K, used 59224K [0x0000000081c00000, 0x0000000100000000)
  region size 1024K, 31 young (31744K), 2 survivors (2048K)
 Metaspace       used 63587K, capacity 64221K, committed 64432K, reserved 1105920K
  class space    used 8116K, capacity 8363K, committed 8448K, reserved 1048576K
}
Event: 10931.501 GC heap after
{Heap after GC invocations=32 (full 0):
 garbage-first heap   total 70656K, used 29294K [0x0000000081c00000, 0x0000000100000000)
  region size 1024K, 2 young (2048K), 2 survivors (2048K)
 Metaspace       used 63587K, capacity 64221K, committed 64432K, reserved 1105920K
  class space    used 8116K, capacity 8363K, committed 8448K, reserved 1048576K
}
Event: 11739.485 GC heap before
{Heap before GC invocations=32 (full 0):
 garbage-first heap   total 70656K, used 58990K [0x0000000081c00000, 0x0000000100000000)
  region size 1024K, 31 young (31744K), 2 survivors (2048K)
 Metaspace       used 63590K, capacity 64221K, committed 64432K, reserved 1105920K
  class space    used 8116K, capacity 8363K, committed 8448K, reserved 1048576K
}
Event: 11739.528 GC heap after
{Heap after GC invocations=33 (full 0):
 garbage-first heap   total 70656K, used 29198K [0x0000000081c00000, 0x0000000100000000)
  region size 1024K, 2 young (2048K), 2 survivors (2048K)
 Metaspace       used 63590K, capacity 64221K, committed 64432K, reserved 1105920K
  class space    used 8116K, capacity 8363K, committed 8448K, reserved 1048576K
}

